{"/Users/ankitkumar/Documents/building-something/syncdoc-ai/frontend/src/components/NotFoundPage.tsx": {"path":"/Users/ankitkumar/Documents/building-something/syncdoc-ai/frontend/src/components/NotFoundPage.tsx","all":false,"statementMap":{"0":{"start":{"line":1,"column":0},"end":{"line":1,"column":32}},"1":{"start":{"line":2,"column":0},"end":{"line":2,"column":10}},"2":{"start":{"line":3,"column":0},"end":{"line":3,"column":91}},"3":{"start":{"line":4,"column":0},"end":{"line":4,"column":49}},"4":{"start":{"line":5,"column":0},"end":{"line":5,"column":52}},"5":{"start":{"line":6,"column":0},"end":{"line":6,"column":10}},"6":{"start":{"line":7,"column":0},"end":{"line":7,"column":4}},"7":{"start":{"line":8,"column":0},"end":{"line":8,"column":1}}},"s":{"0":1,"1":2,"2":2,"3":2,"4":2,"5":2,"6":2,"7":2},"branchMap":{"0":{"type":"branch","line":1,"loc":{"start":{"line":1,"column":7},"end":{"line":8,"column":1}},"locations":[{"start":{"line":1,"column":7},"end":{"line":8,"column":1}}]}},"b":{"0":[2]},"fnMap":{"0":{"name":"NotFoundPage","decl":{"start":{"line":1,"column":7},"end":{"line":8,"column":1}},"loc":{"start":{"line":1,"column":7},"end":{"line":8,"column":1}},"line":1}},"f":{"0":2}}
,"/Users/ankitkumar/Documents/building-something/syncdoc-ai/frontend/src/components/ProtectedRoute.tsx": {"path":"/Users/ankitkumar/Documents/building-something/syncdoc-ai/frontend/src/components/ProtectedRoute.tsx","all":false,"statementMap":{"0":{"start":{"line":1,"column":0},"end":{"line":1,"column":65}},"1":{"start":{"line":2,"column":0},"end":{"line":2,"column":64}},"2":{"start":{"line":3,"column":0},"end":{"line":3,"column":0}},"3":{"start":{"line":4,"column":0},"end":{"line":4,"column":34}},"4":{"start":{"line":5,"column":0},"end":{"line":5,"column":57}},"5":{"start":{"line":6,"column":0},"end":{"line":6,"column":33}},"6":{"start":{"line":7,"column":0},"end":{"line":7,"column":0}},"7":{"start":{"line":8,"column":0},"end":{"line":8,"column":21}},"8":{"start":{"line":9,"column":0},"end":{"line":9,"column":80}},"9":{"start":{"line":10,"column":0},"end":{"line":10,"column":3}},"10":{"start":{"line":11,"column":0},"end":{"line":11,"column":0}},"11":{"start":{"line":12,"column":0},"end":{"line":12,"column":20}},"12":{"start":{"line":13,"column":0},"end":{"line":13,"column":1}}},"s":{"0":1,"1":1,"2":1,"3":1,"4":2,"5":2,"6":2,"7":2,"8":1,"9":1,"10":1,"11":1,"12":1},"branchMap":{"0":{"type":"branch","line":4,"loc":{"start":{"line":4,"column":7},"end":{"line":13,"column":1}},"locations":[{"start":{"line":4,"column":7},"end":{"line":13,"column":1}}]},"1":{"type":"branch","line":8,"loc":{"start":{"line":8,"column":20},"end":{"line":13,"column":1}},"locations":[{"start":{"line":8,"column":20},"end":{"line":13,"column":1}}]},"2":{"type":"branch","line":5,"loc":{"start":{"line":5,"column":35},"end":{"line":5,"column":55}},"locations":[{"start":{"line":5,"column":35},"end":{"line":5,"column":55}}]}},"b":{"0":[2],"1":[1],"2":[2]},"fnMap":{"0":{"name":"ProtectedRoute","decl":{"start":{"line":4,"column":7},"end":{"line":13,"column":1}},"loc":{"start":{"line":4,"column":7},"end":{"line":13,"column":1}},"line":4}},"f":{"0":2}}
,"/Users/ankitkumar/Documents/building-something/syncdoc-ai/frontend/src/features/auth/components/LoginPage.tsx": {"path":"/Users/ankitkumar/Documents/building-something/syncdoc-ai/frontend/src/features/auth/components/LoginPage.tsx","all":false,"statementMap":{"0":{"start":{"line":1,"column":0},"end":{"line":1,"column":42}},"1":{"start":{"line":2,"column":0},"end":{"line":2,"column":60}},"2":{"start":{"line":3,"column":0},"end":{"line":3,"column":41}},"3":{"start":{"line":4,"column":0},"end":{"line":4,"column":50}},"4":{"start":{"line":5,"column":0},"end":{"line":5,"column":39}},"5":{"start":{"line":6,"column":0},"end":{"line":6,"column":0}},"6":{"start":{"line":7,"column":0},"end":{"line":7,"column":27}},"7":{"start":{"line":8,"column":0},"end":{"line":8,"column":16}},"8":{"start":{"line":9,"column":0},"end":{"line":9,"column":19}},"9":{"start":{"line":10,"column":0},"end":{"line":10,"column":1}},"10":{"start":{"line":11,"column":0},"end":{"line":11,"column":0}},"11":{"start":{"line":12,"column":0},"end":{"line":12,"column":29}},"12":{"start":{"line":13,"column":0},"end":{"line":13,"column":33}},"13":{"start":{"line":14,"column":0},"end":{"line":14,"column":33}},"14":{"start":{"line":15,"column":0},"end":{"line":15,"column":53}},"15":{"start":{"line":16,"column":0},"end":{"line":16,"column":0}},"16":{"start":{"line":17,"column":0},"end":{"line":17,"column":9}},"17":{"start":{"line":18,"column":0},"end":{"line":18,"column":13}},"18":{"start":{"line":19,"column":0},"end":{"line":19,"column":17}},"19":{"start":{"line":20,"column":0},"end":{"line":20,"column":13}},"20":{"start":{"line":21,"column":0},"end":{"line":21,"column":40}},"21":{"start":{"line":22,"column":0},"end":{"line":22,"column":33}},"22":{"start":{"line":23,"column":0},"end":{"line":23,"column":0}},"23":{"start":{"line":24,"column":0},"end":{"line":24,"column":74}},"24":{"start":{"line":25,"column":0},"end":{"line":25,"column":0}},"25":{"start":{"line":26,"column":0},"end":{"line":26,"column":55}},"26":{"start":{"line":27,"column":0},"end":{"line":27,"column":9}},"27":{"start":{"line":28,"column":0},"end":{"line":28,"column":64}},"28":{"start":{"line":29,"column":0},"end":{"line":29,"column":35}},"29":{"start":{"line":30,"column":0},"end":{"line":30,"column":40}},"30":{"start":{"line":31,"column":0},"end":{"line":31,"column":13}},"31":{"start":{"line":32,"column":0},"end":{"line":32,"column":117}},"32":{"start":{"line":33,"column":0},"end":{"line":33,"column":5}},"33":{"start":{"line":34,"column":0},"end":{"line":34,"column":4}},"34":{"start":{"line":35,"column":0},"end":{"line":35,"column":0}},"35":{"start":{"line":36,"column":0},"end":{"line":36,"column":10}},"36":{"start":{"line":37,"column":0},"end":{"line":37,"column":79}},"37":{"start":{"line":38,"column":0},"end":{"line":38,"column":97}},"38":{"start":{"line":39,"column":0},"end":{"line":39,"column":75}},"39":{"start":{"line":40,"column":0},"end":{"line":40,"column":0}},"40":{"start":{"line":41,"column":0},"end":{"line":41,"column":59}},"41":{"start":{"line":42,"column":0},"end":{"line":42,"column":26}},"42":{"start":{"line":43,"column":0},"end":{"line":43,"column":90}},"43":{"start":{"line":44,"column":0},"end":{"line":44,"column":35}},"44":{"start":{"line":45,"column":0},"end":{"line":45,"column":18}},"45":{"start":{"line":46,"column":0},"end":{"line":46,"column":19}},"46":{"start":{"line":47,"column":0},"end":{"line":47,"column":0}},"47":{"start":{"line":48,"column":0},"end":{"line":48,"column":32}},"48":{"start":{"line":49,"column":0},"end":{"line":49,"column":93}},"49":{"start":{"line":50,"column":0},"end":{"line":50,"column":19}},"50":{"start":{"line":51,"column":0},"end":{"line":51,"column":20}},"51":{"start":{"line":52,"column":0},"end":{"line":52,"column":18}},"52":{"start":{"line":53,"column":0},"end":{"line":53,"column":24}},"53":{"start":{"line":54,"column":0},"end":{"line":54,"column":26}},"54":{"start":{"line":55,"column":0},"end":{"line":55,"column":34}},"55":{"start":{"line":56,"column":0},"end":{"line":56,"column":136}},"56":{"start":{"line":57,"column":0},"end":{"line":57,"column":71}},"57":{"start":{"line":58,"column":0},"end":{"line":58,"column":14}},"58":{"start":{"line":59,"column":0},"end":{"line":59,"column":29}},"59":{"start":{"line":60,"column":0},"end":{"line":60,"column":81}},"60":{"start":{"line":61,"column":0},"end":{"line":61,"column":21}},"61":{"start":{"line":62,"column":0},"end":{"line":62,"column":16}},"62":{"start":{"line":63,"column":0},"end":{"line":63,"column":0}},"63":{"start":{"line":64,"column":0},"end":{"line":64,"column":32}},"64":{"start":{"line":65,"column":0},"end":{"line":65,"column":96}},"65":{"start":{"line":66,"column":0},"end":{"line":66,"column":22}},"66":{"start":{"line":67,"column":0},"end":{"line":67,"column":20}},"67":{"start":{"line":68,"column":0},"end":{"line":68,"column":18}},"68":{"start":{"line":69,"column":0},"end":{"line":69,"column":27}},"69":{"start":{"line":70,"column":0},"end":{"line":70,"column":29}},"70":{"start":{"line":71,"column":0},"end":{"line":71,"column":45}},"71":{"start":{"line":72,"column":0},"end":{"line":72,"column":136}},"72":{"start":{"line":73,"column":0},"end":{"line":73,"column":77}},"73":{"start":{"line":74,"column":0},"end":{"line":74,"column":14}},"74":{"start":{"line":75,"column":0},"end":{"line":75,"column":32}},"75":{"start":{"line":76,"column":0},"end":{"line":76,"column":84}},"76":{"start":{"line":77,"column":0},"end":{"line":77,"column":21}},"77":{"start":{"line":78,"column":0},"end":{"line":78,"column":16}},"78":{"start":{"line":79,"column":0},"end":{"line":79,"column":0}},"79":{"start":{"line":80,"column":0},"end":{"line":80,"column":17}},"80":{"start":{"line":81,"column":0},"end":{"line":81,"column":25}},"81":{"start":{"line":82,"column":0},"end":{"line":82,"column":35}},"82":{"start":{"line":83,"column":0},"end":{"line":83,"column":131}},"83":{"start":{"line":84,"column":0},"end":{"line":84,"column":11}},"84":{"start":{"line":85,"column":0},"end":{"line":85,"column":54}},"85":{"start":{"line":86,"column":0},"end":{"line":86,"column":19}},"86":{"start":{"line":87,"column":0},"end":{"line":87,"column":15}},"87":{"start":{"line":88,"column":0},"end":{"line":88,"column":0}},"88":{"start":{"line":89,"column":0},"end":{"line":89,"column":63}},"89":{"start":{"line":90,"column":0},"end":{"line":90,"column":26}},"90":{"start":{"line":91,"column":0},"end":{"line":91,"column":74}},"91":{"start":{"line":92,"column":0},"end":{"line":92,"column":22}},"92":{"start":{"line":93,"column":0},"end":{"line":93,"column":14}},"93":{"start":{"line":94,"column":0},"end":{"line":94,"column":12}},"94":{"start":{"line":95,"column":0},"end":{"line":95,"column":12}},"95":{"start":{"line":96,"column":0},"end":{"line":96,"column":10}},"96":{"start":{"line":97,"column":0},"end":{"line":97,"column":4}},"97":{"start":{"line":98,"column":0},"end":{"line":98,"column":1}}},"s":{"0":1,"1":1,"2":1,"3":1,"4":1,"5":1,"6":1,"7":1,"8":1,"9":1,"10":1,"11":1,"12":15,"13":15,"14":15,"15":15,"16":15,"17":15,"18":15,"19":15,"20":15,"21":15,"22":15,"23":15,"24":15,"25":15,"26":2,"27":2,"28":1,"29":1,"30":1,"31":1,"32":1,"33":2,"34":15,"35":15,"36":15,"37":15,"38":15,"39":15,"40":15,"41":15,"42":2,"43":2,"44":2,"45":12,"46":15,"47":15,"48":15,"49":15,"50":15,"51":15,"52":15,"53":15,"54":15,"55":15,"56":15,"57":15,"58":15,"59":1,"60":13,"61":15,"62":15,"63":15,"64":15,"65":15,"66":15,"67":15,"68":15,"69":15,"70":15,"71":15,"72":15,"73":15,"74":15,"75":1,"76":13,"77":15,"78":15,"79":15,"80":15,"81":15,"82":15,"83":15,"84":15,"85":15,"86":15,"87":15,"88":15,"89":15,"90":15,"91":15,"92":15,"93":15,"94":15,"95":15,"96":15,"97":15},"branchMap":{"0":{"type":"branch","line":12,"loc":{"start":{"line":12,"column":7},"end":{"line":98,"column":1}},"locations":[{"start":{"line":12,"column":7},"end":{"line":98,"column":1}}]},"1":{"type":"branch","line":24,"loc":{"start":{"line":24,"column":33},"end":{"line":24,"column":70}},"locations":[{"start":{"line":24,"column":33},"end":{"line":24,"column":70}}]},"2":{"type":"branch","line":24,"loc":{"start":{"line":24,"column":62},"end":{"line":24,"column":74}},"locations":[{"start":{"line":24,"column":62},"end":{"line":24,"column":74}}]},"3":{"type":"branch","line":42,"loc":{"start":{"line":42,"column":18},"end":{"line":45,"column":18}},"locations":[{"start":{"line":42,"column":18},"end":{"line":45,"column":18}}]},"4":{"type":"branch","line":45,"loc":{"start":{"line":45,"column":12},"end":{"line":46,"column":19}},"locations":[{"start":{"line":45,"column":12},"end":{"line":46,"column":19}}]},"5":{"type":"branch","line":59,"loc":{"start":{"line":59,"column":20},"end":{"line":60,"column":81}},"locations":[{"start":{"line":59,"column":20},"end":{"line":60,"column":81}}]},"6":{"type":"branch","line":60,"loc":{"start":{"line":60,"column":77},"end":{"line":61,"column":21}},"locations":[{"start":{"line":60,"column":77},"end":{"line":61,"column":21}}]},"7":{"type":"branch","line":75,"loc":{"start":{"line":75,"column":20},"end":{"line":76,"column":84}},"locations":[{"start":{"line":75,"column":20},"end":{"line":76,"column":84}}]},"8":{"type":"branch","line":76,"loc":{"start":{"line":76,"column":80},"end":{"line":77,"column":21}},"locations":[{"start":{"line":76,"column":80},"end":{"line":77,"column":21}}]},"9":{"type":"branch","line":85,"loc":{"start":{"line":85,"column":13},"end":{"line":85,"column":44}},"locations":[{"start":{"line":85,"column":13},"end":{"line":85,"column":44}}]},"10":{"type":"branch","line":85,"loc":{"start":{"line":85,"column":28},"end":{"line":85,"column":54}},"locations":[{"start":{"line":85,"column":28},"end":{"line":85,"column":54}}]},"11":{"type":"branch","line":15,"loc":{"start":{"line":15,"column":33},"end":{"line":15,"column":51}},"locations":[{"start":{"line":15,"column":33},"end":{"line":15,"column":51}}]},"12":{"type":"branch","line":26,"loc":{"start":{"line":26,"column":19},"end":{"line":34,"column":4}},"locations":[{"start":{"line":26,"column":19},"end":{"line":34,"column":4}}]},"13":{"type":"branch","line":28,"loc":{"start":{"line":28,"column":62},"end":{"line":33,"column":5}},"locations":[{"start":{"line":28,"column":62},"end":{"line":33,"column":5}}]}},"b":{"0":[15],"1":[14],"2":[0],"3":[2],"4":[12],"5":[1],"6":[13],"7":[1],"8":[13],"9":[6],"10":[8],"11":[15],"12":[2],"13":[1]},"fnMap":{"0":{"name":"LoginPage","decl":{"start":{"line":12,"column":7},"end":{"line":98,"column":1}},"loc":{"start":{"line":12,"column":7},"end":{"line":98,"column":1}},"line":12},"1":{"name":"onSubmit","decl":{"start":{"line":26,"column":19},"end":{"line":34,"column":4}},"loc":{"start":{"line":26,"column":19},"end":{"line":34,"column":4}},"line":26}},"f":{"0":15,"1":2}}
,"/Users/ankitkumar/Documents/building-something/syncdoc-ai/frontend/src/features/auth/components/RegisterPage.tsx": {"path":"/Users/ankitkumar/Documents/building-something/syncdoc-ai/frontend/src/features/auth/components/RegisterPage.tsx","all":false,"statementMap":{"0":{"start":{"line":1,"column":0},"end":{"line":1,"column":42}},"1":{"start":{"line":2,"column":0},"end":{"line":2,"column":47}},"2":{"start":{"line":3,"column":0},"end":{"line":3,"column":41}},"3":{"start":{"line":4,"column":0},"end":{"line":4,"column":39}},"4":{"start":{"line":5,"column":0},"end":{"line":5,"column":0}},"5":{"start":{"line":6,"column":0},"end":{"line":6,"column":30}},"6":{"start":{"line":7,"column":0},"end":{"line":7,"column":16}},"7":{"start":{"line":8,"column":0},"end":{"line":8,"column":19}},"8":{"start":{"line":9,"column":0},"end":{"line":9,"column":22}},"9":{"start":{"line":10,"column":0},"end":{"line":10,"column":1}},"10":{"start":{"line":11,"column":0},"end":{"line":11,"column":0}},"11":{"start":{"line":12,"column":0},"end":{"line":12,"column":32}},"12":{"start":{"line":13,"column":0},"end":{"line":13,"column":33}},"13":{"start":{"line":14,"column":0},"end":{"line":14,"column":0}},"14":{"start":{"line":15,"column":0},"end":{"line":15,"column":9}},"15":{"start":{"line":16,"column":0},"end":{"line":16,"column":13}},"16":{"start":{"line":17,"column":0},"end":{"line":17,"column":17}},"17":{"start":{"line":18,"column":0},"end":{"line":18,"column":13}},"18":{"start":{"line":19,"column":0},"end":{"line":19,"column":40}},"19":{"start":{"line":20,"column":0},"end":{"line":20,"column":36}},"20":{"start":{"line":21,"column":0},"end":{"line":21,"column":0}},"21":{"start":{"line":22,"column":0},"end":{"line":22,"column":58}},"22":{"start":{"line":23,"column":0},"end":{"line":23,"column":9}},"23":{"start":{"line":24,"column":0},"end":{"line":24,"column":37}},"24":{"start":{"line":25,"column":0},"end":{"line":25,"column":44}},"25":{"start":{"line":26,"column":0},"end":{"line":26,"column":13}},"26":{"start":{"line":27,"column":0},"end":{"line":27,"column":120}},"27":{"start":{"line":28,"column":0},"end":{"line":28,"column":5}},"28":{"start":{"line":29,"column":0},"end":{"line":29,"column":4}},"29":{"start":{"line":30,"column":0},"end":{"line":30,"column":0}},"30":{"start":{"line":31,"column":0},"end":{"line":31,"column":10}},"31":{"start":{"line":32,"column":0},"end":{"line":32,"column":79}},"32":{"start":{"line":33,"column":0},"end":{"line":33,"column":97}},"33":{"start":{"line":34,"column":0},"end":{"line":34,"column":82}},"34":{"start":{"line":35,"column":0},"end":{"line":35,"column":0}},"35":{"start":{"line":36,"column":0},"end":{"line":36,"column":59}},"36":{"start":{"line":37,"column":0},"end":{"line":37,"column":26}},"37":{"start":{"line":38,"column":0},"end":{"line":38,"column":90}},"38":{"start":{"line":39,"column":0},"end":{"line":39,"column":35}},"39":{"start":{"line":40,"column":0},"end":{"line":40,"column":18}},"40":{"start":{"line":41,"column":0},"end":{"line":41,"column":19}},"41":{"start":{"line":42,"column":0},"end":{"line":42,"column":0}},"42":{"start":{"line":43,"column":0},"end":{"line":43,"column":32}},"43":{"start":{"line":44,"column":0},"end":{"line":44,"column":99}},"44":{"start":{"line":45,"column":0},"end":{"line":45,"column":26}},"45":{"start":{"line":46,"column":0},"end":{"line":46,"column":20}},"46":{"start":{"line":47,"column":0},"end":{"line":47,"column":18}},"47":{"start":{"line":48,"column":0},"end":{"line":48,"column":30}},"48":{"start":{"line":49,"column":0},"end":{"line":49,"column":25}},"49":{"start":{"line":50,"column":0},"end":{"line":50,"column":33}},"50":{"start":{"line":51,"column":0},"end":{"line":51,"column":136}},"51":{"start":{"line":52,"column":0},"end":{"line":52,"column":84}},"52":{"start":{"line":53,"column":0},"end":{"line":53,"column":14}},"53":{"start":{"line":54,"column":0},"end":{"line":54,"column":35}},"54":{"start":{"line":55,"column":0},"end":{"line":55,"column":87}},"55":{"start":{"line":56,"column":0},"end":{"line":56,"column":21}},"56":{"start":{"line":57,"column":0},"end":{"line":57,"column":16}},"57":{"start":{"line":58,"column":0},"end":{"line":58,"column":0}},"58":{"start":{"line":59,"column":0},"end":{"line":59,"column":32}},"59":{"start":{"line":60,"column":0},"end":{"line":60,"column":93}},"60":{"start":{"line":61,"column":0},"end":{"line":61,"column":19}},"61":{"start":{"line":62,"column":0},"end":{"line":62,"column":20}},"62":{"start":{"line":63,"column":0},"end":{"line":63,"column":18}},"63":{"start":{"line":64,"column":0},"end":{"line":64,"column":24}},"64":{"start":{"line":65,"column":0},"end":{"line":65,"column":26}},"65":{"start":{"line":66,"column":0},"end":{"line":66,"column":34}},"66":{"start":{"line":67,"column":0},"end":{"line":67,"column":136}},"67":{"start":{"line":68,"column":0},"end":{"line":68,"column":71}},"68":{"start":{"line":69,"column":0},"end":{"line":69,"column":14}},"69":{"start":{"line":70,"column":0},"end":{"line":70,"column":29}},"70":{"start":{"line":71,"column":0},"end":{"line":71,"column":81}},"71":{"start":{"line":72,"column":0},"end":{"line":72,"column":21}},"72":{"start":{"line":73,"column":0},"end":{"line":73,"column":16}},"73":{"start":{"line":74,"column":0},"end":{"line":74,"column":0}},"74":{"start":{"line":75,"column":0},"end":{"line":75,"column":32}},"75":{"start":{"line":76,"column":0},"end":{"line":76,"column":96}},"76":{"start":{"line":77,"column":0},"end":{"line":77,"column":22}},"77":{"start":{"line":78,"column":0},"end":{"line":78,"column":20}},"78":{"start":{"line":79,"column":0},"end":{"line":79,"column":18}},"79":{"start":{"line":80,"column":0},"end":{"line":80,"column":27}},"80":{"start":{"line":81,"column":0},"end":{"line":81,"column":29}},"81":{"start":{"line":82,"column":0},"end":{"line":82,"column":41}},"82":{"start":{"line":83,"column":0},"end":{"line":83,"column":136}},"83":{"start":{"line":84,"column":0},"end":{"line":84,"column":135}},"84":{"start":{"line":85,"column":0},"end":{"line":85,"column":14}},"85":{"start":{"line":86,"column":0},"end":{"line":86,"column":32}},"86":{"start":{"line":87,"column":0},"end":{"line":87,"column":84}},"87":{"start":{"line":88,"column":0},"end":{"line":88,"column":21}},"88":{"start":{"line":89,"column":0},"end":{"line":89,"column":16}},"89":{"start":{"line":90,"column":0},"end":{"line":90,"column":0}},"90":{"start":{"line":91,"column":0},"end":{"line":91,"column":17}},"91":{"start":{"line":92,"column":0},"end":{"line":92,"column":25}},"92":{"start":{"line":93,"column":0},"end":{"line":93,"column":35}},"93":{"start":{"line":94,"column":0},"end":{"line":94,"column":131}},"94":{"start":{"line":95,"column":0},"end":{"line":95,"column":11}},"95":{"start":{"line":96,"column":0},"end":{"line":96,"column":59}},"96":{"start":{"line":97,"column":0},"end":{"line":97,"column":19}},"97":{"start":{"line":98,"column":0},"end":{"line":98,"column":15}},"98":{"start":{"line":99,"column":0},"end":{"line":99,"column":0}},"99":{"start":{"line":100,"column":0},"end":{"line":100,"column":63}},"100":{"start":{"line":101,"column":0},"end":{"line":101,"column":39}},"101":{"start":{"line":102,"column":0},"end":{"line":102,"column":71}},"102":{"start":{"line":103,"column":0},"end":{"line":103,"column":19}},"103":{"start":{"line":104,"column":0},"end":{"line":104,"column":14}},"104":{"start":{"line":105,"column":0},"end":{"line":105,"column":12}},"105":{"start":{"line":106,"column":0},"end":{"line":106,"column":12}},"106":{"start":{"line":107,"column":0},"end":{"line":107,"column":10}},"107":{"start":{"line":108,"column":0},"end":{"line":108,"column":4}},"108":{"start":{"line":109,"column":0},"end":{"line":109,"column":1}}},"s":{"0":1,"1":1,"2":1,"3":1,"4":1,"5":1,"6":1,"7":1,"8":1,"9":1,"10":1,"11":1,"12":13,"13":13,"14":13,"15":13,"16":13,"17":13,"18":13,"19":13,"20":13,"21":13,"22":2,"23":2,"24":1,"25":1,"26":1,"27":1,"28":2,"29":13,"30":13,"31":13,"32":13,"33":13,"34":13,"35":13,"36":13,"37":2,"38":2,"39":2,"40":10,"41":13,"42":13,"43":13,"44":13,"45":13,"46":13,"47":13,"48":13,"49":13,"50":13,"51":13,"52":13,"53":13,"54":0,"55":12,"56":13,"57":13,"58":13,"59":13,"60":13,"61":13,"62":13,"63":13,"64":13,"65":13,"66":13,"67":13,"68":13,"69":13,"70":0,"71":12,"72":13,"73":13,"74":13,"75":13,"76":13,"77":13,"78":13,"79":13,"80":13,"81":13,"82":13,"83":13,"84":13,"85":13,"86":0,"87":12,"88":13,"89":13,"90":13,"91":13,"92":13,"93":13,"94":13,"95":13,"96":13,"97":13,"98":13,"99":13,"100":13,"101":13,"102":13,"103":13,"104":13,"105":13,"106":13,"107":13,"108":13},"branchMap":{"0":{"type":"branch","line":12,"loc":{"start":{"line":12,"column":7},"end":{"line":109,"column":1}},"locations":[{"start":{"line":12,"column":7},"end":{"line":109,"column":1}}]},"1":{"type":"branch","line":37,"loc":{"start":{"line":37,"column":18},"end":{"line":40,"column":18}},"locations":[{"start":{"line":37,"column":18},"end":{"line":40,"column":18}}]},"2":{"type":"branch","line":40,"loc":{"start":{"line":40,"column":12},"end":{"line":41,"column":19}},"locations":[{"start":{"line":40,"column":12},"end":{"line":41,"column":19}}]},"3":{"type":"branch","line":54,"loc":{"start":{"line":54,"column":20},"end":{"line":55,"column":87}},"locations":[{"start":{"line":54,"column":20},"end":{"line":55,"column":87}}]},"4":{"type":"branch","line":55,"loc":{"start":{"line":55,"column":83},"end":{"line":56,"column":21}},"locations":[{"start":{"line":55,"column":83},"end":{"line":56,"column":21}}]},"5":{"type":"branch","line":70,"loc":{"start":{"line":70,"column":20},"end":{"line":71,"column":81}},"locations":[{"start":{"line":70,"column":20},"end":{"line":71,"column":81}}]},"6":{"type":"branch","line":71,"loc":{"start":{"line":71,"column":77},"end":{"line":72,"column":21}},"locations":[{"start":{"line":71,"column":77},"end":{"line":72,"column":21}}]},"7":{"type":"branch","line":86,"loc":{"start":{"line":86,"column":20},"end":{"line":87,"column":84}},"locations":[{"start":{"line":86,"column":20},"end":{"line":87,"column":84}}]},"8":{"type":"branch","line":87,"loc":{"start":{"line":87,"column":80},"end":{"line":88,"column":21}},"locations":[{"start":{"line":87,"column":80},"end":{"line":88,"column":21}}]},"9":{"type":"branch","line":96,"loc":{"start":{"line":96,"column":13},"end":{"line":96,"column":42}},"locations":[{"start":{"line":96,"column":13},"end":{"line":96,"column":42}}]},"10":{"type":"branch","line":96,"loc":{"start":{"line":96,"column":28},"end":{"line":96,"column":59}},"locations":[{"start":{"line":96,"column":28},"end":{"line":96,"column":59}}]},"11":{"type":"branch","line":22,"loc":{"start":{"line":22,"column":19},"end":{"line":29,"column":4}},"locations":[{"start":{"line":22,"column":19},"end":{"line":29,"column":4}}]},"12":{"type":"branch","line":24,"loc":{"start":{"line":24,"column":35},"end":{"line":28,"column":5}},"locations":[{"start":{"line":24,"column":35},"end":{"line":28,"column":5}}]}},"b":{"0":[13],"1":[2],"2":[10],"3":[0],"4":[12],"5":[0],"6":[12],"7":[0],"8":[12],"9":[5],"10":[7],"11":[2],"12":[1]},"fnMap":{"0":{"name":"RegisterPage","decl":{"start":{"line":12,"column":7},"end":{"line":109,"column":1}},"loc":{"start":{"line":12,"column":7},"end":{"line":109,"column":1}},"line":12},"1":{"name":"onSubmit","decl":{"start":{"line":22,"column":19},"end":{"line":29,"column":4}},"loc":{"start":{"line":22,"column":19},"end":{"line":29,"column":4}},"line":22}},"f":{"0":13,"1":2}}
,"/Users/ankitkumar/Documents/building-something/syncdoc-ai/frontend/src/features/auth/store/authStore.ts": {"path":"/Users/ankitkumar/Documents/building-something/syncdoc-ai/frontend/src/features/auth/store/authStore.ts","all":false,"statementMap":{"0":{"start":{"line":1,"column":0},"end":{"line":1,"column":33}},"1":{"start":{"line":2,"column":0},"end":{"line":2,"column":64}},"2":{"start":{"line":3,"column":0},"end":{"line":3,"column":0}},"3":{"start":{"line":4,"column":0},"end":{"line":4,"column":27}},"4":{"start":{"line":5,"column":0},"end":{"line":5,"column":13}},"5":{"start":{"line":6,"column":0},"end":{"line":6,"column":16}},"6":{"start":{"line":7,"column":0},"end":{"line":7,"column":22}},"7":{"start":{"line":8,"column":0},"end":{"line":8,"column":1}},"8":{"start":{"line":9,"column":0},"end":{"line":9,"column":0}},"9":{"start":{"line":10,"column":0},"end":{"line":10,"column":21}},"10":{"start":{"line":11,"column":0},"end":{"line":11,"column":29}},"11":{"start":{"line":12,"column":0},"end":{"line":12,"column":24}},"12":{"start":{"line":13,"column":0},"end":{"line":13,"column":59}},"13":{"start":{"line":14,"column":0},"end":{"line":14,"column":26}},"14":{"start":{"line":15,"column":0},"end":{"line":15,"column":1}},"15":{"start":{"line":16,"column":0},"end":{"line":16,"column":0}},"16":{"start":{"line":17,"column":0},"end":{"line":17,"column":48}},"17":{"start":{"line":18,"column":0},"end":{"line":18,"column":10}},"18":{"start":{"line":19,"column":0},"end":{"line":19,"column":15}},"19":{"start":{"line":20,"column":0},"end":{"line":20,"column":24}},"20":{"start":{"line":21,"column":0},"end":{"line":21,"column":17}},"21":{"start":{"line":22,"column":0},"end":{"line":22,"column":0}},"22":{"start":{"line":23,"column":0},"end":{"line":23,"column":67}},"23":{"start":{"line":24,"column":0},"end":{"line":24,"column":0}},"24":{"start":{"line":25,"column":0},"end":{"line":25,"column":64}},"25":{"start":{"line":26,"column":0},"end":{"line":26,"column":7}},"26":{"start":{"line":27,"column":0},"end":{"line":27,"column":5}},"27":{"start":{"line":28,"column":0},"end":{"line":28,"column":27}},"28":{"start":{"line":29,"column":0},"end":{"line":29,"column":55}},"29":{"start":{"line":30,"column":0},"end":{"line":30,"column":90}},"30":{"start":{"line":31,"column":0},"end":{"line":31,"column":66}},"31":{"start":{"line":32,"column":0},"end":{"line":32,"column":6}},"32":{"start":{"line":33,"column":0},"end":{"line":33,"column":4}},"33":{"start":{"line":34,"column":0},"end":{"line":34,"column":2}}},"s":{"0":1,"1":1,"2":1,"3":1,"4":1,"5":1,"6":1,"7":1,"8":1,"9":1,"10":1,"11":1,"12":1,"13":1,"14":1,"15":1,"16":1,"17":1,"18":1,"19":8,"20":8,"21":8,"22":8,"23":8,"24":8,"25":8,"26":1,"27":1,"28":1,"29":1,"30":1,"31":1,"32":1,"33":1},"branchMap":{"0":{"type":"branch","line":19,"loc":{"start":{"line":19,"column":4},"end":{"line":26,"column":7}},"locations":[{"start":{"line":19,"column":4},"end":{"line":26,"column":7}}]},"1":{"type":"branch","line":23,"loc":{"start":{"line":23,"column":17},"end":{"line":23,"column":67}},"locations":[{"start":{"line":23,"column":17},"end":{"line":23,"column":67}}]},"2":{"type":"branch","line":25,"loc":{"start":{"line":25,"column":19},"end":{"line":25,"column":64}},"locations":[{"start":{"line":25,"column":19},"end":{"line":25,"column":64}}]},"3":{"type":"branch","line":29,"loc":{"start":{"line":29,"column":33},"end":{"line":29,"column":53}},"locations":[{"start":{"line":29,"column":33},"end":{"line":29,"column":53}}]},"4":{"type":"branch","line":31,"loc":{"start":{"line":31,"column":18},"end":{"line":31,"column":66}},"locations":[{"start":{"line":31,"column":18},"end":{"line":31,"column":66}}]}},"b":{"0":[8],"1":[13],"2":[12],"3":[8],"4":[25]},"fnMap":{"0":{"name":"__vite_ssr_import_0__.create.__vite_ssr_import_1__.persist.name","decl":{"start":{"line":19,"column":4},"end":{"line":26,"column":7}},"loc":{"start":{"line":19,"column":4},"end":{"line":26,"column":7}},"line":19},"1":{"name":"setTokens","decl":{"start":{"line":23,"column":17},"end":{"line":23,"column":67}},"loc":{"start":{"line":23,"column":17},"end":{"line":23,"column":67}},"line":23},"2":{"name":"clearTokens","decl":{"start":{"line":25,"column":19},"end":{"line":25,"column":64}},"loc":{"start":{"line":25,"column":19},"end":{"line":25,"column":64}},"line":25},"3":{"name":"partialize","decl":{"start":{"line":31,"column":18},"end":{"line":31,"column":66}},"loc":{"start":{"line":31,"column":18},"end":{"line":31,"column":66}},"line":31}},"f":{"0":8,"1":13,"2":12,"3":25}}
,"/Users/ankitkumar/Documents/building-something/syncdoc-ai/frontend/src/features/billing/components/BillingPage.tsx": {"path":"/Users/ankitkumar/Documents/building-something/syncdoc-ai/frontend/src/features/billing/components/BillingPage.tsx","all":false,"statementMap":{"0":{"start":{"line":1,"column":0},"end":{"line":1,"column":67}},"1":{"start":{"line":2,"column":0},"end":{"line":2,"column":57}},"2":{"start":{"line":3,"column":0},"end":{"line":3,"column":46}},"3":{"start":{"line":4,"column":0},"end":{"line":4,"column":70}},"4":{"start":{"line":5,"column":0},"end":{"line":5,"column":0}},"5":{"start":{"line":6,"column":0},"end":{"line":6,"column":31}},"6":{"start":{"line":7,"column":0},"end":{"line":7,"column":71}},"7":{"start":{"line":8,"column":0},"end":{"line":8,"column":59}},"8":{"start":{"line":9,"column":0},"end":{"line":9,"column":0}},"9":{"start":{"line":10,"column":0},"end":{"line":10,"column":52}},"10":{"start":{"line":11,"column":0},"end":{"line":11,"column":0}},"11":{"start":{"line":12,"column":0},"end":{"line":12,"column":10}},"12":{"start":{"line":13,"column":0},"end":{"line":13,"column":49}},"13":{"start":{"line":14,"column":0},"end":{"line":14,"column":92}},"14":{"start":{"line":15,"column":0},"end":{"line":15,"column":0}},"15":{"start":{"line":16,"column":0},"end":{"line":16,"column":22}},"16":{"start":{"line":17,"column":0},"end":{"line":17,"column":76}},"17":{"start":{"line":18,"column":0},"end":{"line":18,"column":11}},"18":{"start":{"line":19,"column":0},"end":{"line":19,"column":78}},"19":{"start":{"line":20,"column":0},"end":{"line":20,"column":48}},"20":{"start":{"line":21,"column":0},"end":{"line":21,"column":30}},"21":{"start":{"line":22,"column":0},"end":{"line":22,"column":89}},"22":{"start":{"line":23,"column":0},"end":{"line":23,"column":14}},"23":{"start":{"line":24,"column":0},"end":{"line":24,"column":14}},"24":{"start":{"line":25,"column":0},"end":{"line":25,"column":8}},"25":{"start":{"line":26,"column":0},"end":{"line":26,"column":0}},"26":{"start":{"line":27,"column":0},"end":{"line":27,"column":38}},"27":{"start":{"line":28,"column":0},"end":{"line":28,"column":86}},"28":{"start":{"line":29,"column":0},"end":{"line":29,"column":17}},"29":{"start":{"line":30,"column":0},"end":{"line":30,"column":14}},"30":{"start":{"line":31,"column":0},"end":{"line":31,"column":15}},"31":{"start":{"line":32,"column":0},"end":{"line":32,"column":0}},"32":{"start":{"line":33,"column":0},"end":{"line":33,"column":16}},"33":{"start":{"line":34,"column":0},"end":{"line":34,"column":49}},"34":{"start":{"line":35,"column":0},"end":{"line":35,"column":76}},"35":{"start":{"line":36,"column":0},"end":{"line":36,"column":38}},"36":{"start":{"line":37,"column":0},"end":{"line":37,"column":14}},"37":{"start":{"line":38,"column":0},"end":{"line":38,"column":11}},"38":{"start":{"line":39,"column":0},"end":{"line":39,"column":21}},"39":{"start":{"line":40,"column":0},"end":{"line":40,"column":34}},"40":{"start":{"line":41,"column":0},"end":{"line":41,"column":53}},"41":{"start":{"line":42,"column":0},"end":{"line":42,"column":53}},"42":{"start":{"line":43,"column":0},"end":{"line":43,"column":10}},"43":{"start":{"line":44,"column":0},"end":{"line":44,"column":8}},"44":{"start":{"line":45,"column":0},"end":{"line":45,"column":10}},"45":{"start":{"line":46,"column":0},"end":{"line":46,"column":4}},"46":{"start":{"line":47,"column":0},"end":{"line":47,"column":1}}},"s":{"0":1,"1":1,"2":1,"3":1,"4":1,"5":1,"6":5,"7":5,"8":5,"9":5,"10":5,"11":5,"12":5,"13":5,"14":5,"15":5,"16":1,"17":4,"18":4,"19":4,"20":4,"21":4,"22":4,"23":4,"24":5,"25":5,"26":5,"27":1,"28":1,"29":1,"30":4,"31":5,"32":5,"33":1,"34":1,"35":1,"36":1,"37":4,"38":4,"39":4,"40":4,"41":4,"42":4,"43":5,"44":5,"45":5,"46":5},"branchMap":{"0":{"type":"branch","line":6,"loc":{"start":{"line":6,"column":7},"end":{"line":47,"column":1}},"locations":[{"start":{"line":6,"column":7},"end":{"line":47,"column":1}}]},"1":{"type":"branch","line":10,"loc":{"start":{"line":10,"column":16},"end":{"line":10,"column":40}},"locations":[{"start":{"line":10,"column":16},"end":{"line":10,"column":40}}]},"2":{"type":"branch","line":16,"loc":{"start":{"line":16,"column":7},"end":{"line":17,"column":76}},"locations":[{"start":{"line":16,"column":7},"end":{"line":17,"column":76}}]},"3":{"type":"branch","line":17,"loc":{"start":{"line":17,"column":72},"end":{"line":24,"column":14}},"locations":[{"start":{"line":17,"column":72},"end":{"line":24,"column":14}}]},"4":{"type":"branch","line":22,"loc":{"start":{"line":22,"column":65},"end":{"line":22,"column":80}},"locations":[{"start":{"line":22,"column":65},"end":{"line":22,"column":80}}]},"5":{"type":"branch","line":27,"loc":{"start":{"line":27,"column":18},"end":{"line":27,"column":38}},"locations":[{"start":{"line":27,"column":18},"end":{"line":27,"column":38}}]},"6":{"type":"branch","line":27,"loc":{"start":{"line":27,"column":29},"end":{"line":30,"column":14}},"locations":[{"start":{"line":27,"column":29},"end":{"line":30,"column":14}}]},"7":{"type":"branch","line":30,"loc":{"start":{"line":30,"column":8},"end":{"line":31,"column":15}},"locations":[{"start":{"line":30,"column":8},"end":{"line":31,"column":15}}]},"8":{"type":"branch","line":33,"loc":{"start":{"line":33,"column":7},"end":{"line":37,"column":14}},"locations":[{"start":{"line":33,"column":7},"end":{"line":37,"column":14}}]},"9":{"type":"branch","line":37,"loc":{"start":{"line":37,"column":8},"end":{"line":43,"column":10}},"locations":[{"start":{"line":37,"column":8},"end":{"line":43,"column":10}}]}},"b":{"0":[5],"1":[4],"2":[1],"3":[4],"4":[0],"5":[1],"6":[1],"7":[4],"8":[1],"9":[4]},"fnMap":{"0":{"name":"BillingPage","decl":{"start":{"line":6,"column":7},"end":{"line":47,"column":1}},"loc":{"start":{"line":6,"column":7},"end":{"line":47,"column":1}},"line":6},"1":{"name":"onManage","decl":{"start":{"line":41,"column":20},"end":{"line":41,"column":53}},"loc":{"start":{"line":41,"column":20},"end":{"line":41,"column":53}},"line":41}},"f":{"0":5,"1":0}}
,"/Users/ankitkumar/Documents/building-something/syncdoc-ai/frontend/src/features/billing/components/ManageSubscriptionButton.tsx": {"path":"/Users/ankitkumar/Documents/building-something/syncdoc-ai/frontend/src/features/billing/components/ManageSubscriptionButton.tsx","all":false,"statementMap":{"0":{"start":{"line":1,"column":0},"end":{"line":1,"column":33}},"1":{"start":{"line":2,"column":0},"end":{"line":2,"column":47}},"2":{"start":{"line":3,"column":0},"end":{"line":3,"column":58}},"3":{"start":{"line":4,"column":0},"end":{"line":4,"column":0}},"4":{"start":{"line":5,"column":0},"end":{"line":5,"column":44}},"5":{"start":{"line":6,"column":0},"end":{"line":6,"column":55}},"6":{"start":{"line":7,"column":0},"end":{"line":7,"column":48}},"7":{"start":{"line":8,"column":0},"end":{"line":8,"column":58}},"8":{"start":{"line":9,"column":0},"end":{"line":9,"column":0}},"9":{"start":{"line":10,"column":0},"end":{"line":10,"column":35}},"10":{"start":{"line":11,"column":0},"end":{"line":11,"column":21}},"11":{"start":{"line":12,"column":0},"end":{"line":12,"column":19}},"12":{"start":{"line":13,"column":0},"end":{"line":13,"column":9}},"13":{"start":{"line":14,"column":0},"end":{"line":14,"column":70}},"14":{"start":{"line":15,"column":0},"end":{"line":15,"column":39}},"15":{"start":{"line":16,"column":0},"end":{"line":16,"column":13}},"16":{"start":{"line":17,"column":0},"end":{"line":17,"column":67}},"17":{"start":{"line":18,"column":0},"end":{"line":18,"column":24}},"18":{"start":{"line":19,"column":0},"end":{"line":19,"column":5}},"19":{"start":{"line":20,"column":0},"end":{"line":20,"column":4}},"20":{"start":{"line":21,"column":0},"end":{"line":21,"column":0}},"21":{"start":{"line":22,"column":0},"end":{"line":22,"column":10}},"22":{"start":{"line":23,"column":0},"end":{"line":23,"column":6}},"23":{"start":{"line":24,"column":0},"end":{"line":24,"column":13}},"24":{"start":{"line":25,"column":0},"end":{"line":25,"column":29}},"25":{"start":{"line":26,"column":0},"end":{"line":26,"column":26}},"26":{"start":{"line":27,"column":0},"end":{"line":27,"column":136}},"27":{"start":{"line":28,"column":0},"end":{"line":28,"column":7}},"28":{"start":{"line":29,"column":0},"end":{"line":29,"column":61}},"29":{"start":{"line":30,"column":0},"end":{"line":30,"column":15}},"30":{"start":{"line":31,"column":0},"end":{"line":31,"column":75}},"31":{"start":{"line":32,"column":0},"end":{"line":32,"column":7}},"32":{"start":{"line":33,"column":0},"end":{"line":33,"column":4}},"33":{"start":{"line":34,"column":0},"end":{"line":34,"column":1}}},"s":{"0":1,"1":1,"2":1,"3":1,"4":1,"5":8,"6":8,"7":8,"8":8,"9":8,"10":3,"11":3,"12":3,"13":3,"14":1,"15":1,"16":1,"17":1,"18":1,"19":3,"20":8,"21":8,"22":8,"23":8,"24":8,"25":8,"26":8,"27":8,"28":8,"29":8,"30":8,"31":8,"32":8,"33":8},"branchMap":{"0":{"type":"branch","line":5,"loc":{"start":{"line":5,"column":7},"end":{"line":34,"column":1}},"locations":[{"start":{"line":5,"column":7},"end":{"line":34,"column":1}}]},"1":{"type":"branch","line":29,"loc":{"start":{"line":29,"column":9},"end":{"line":29,"column":39}},"locations":[{"start":{"line":29,"column":9},"end":{"line":29,"column":39}}]},"2":{"type":"branch","line":29,"loc":{"start":{"line":29,"column":19},"end":{"line":29,"column":61}},"locations":[{"start":{"line":29,"column":19},"end":{"line":29,"column":61}}]},"3":{"type":"branch","line":31,"loc":{"start":{"line":31,"column":7},"end":{"line":31,"column":70}},"locations":[{"start":{"line":31,"column":7},"end":{"line":31,"column":70}}]},"4":{"type":"branch","line":31,"loc":{"start":{"line":31,"column":63},"end":{"line":31,"column":75}},"locations":[{"start":{"line":31,"column":63},"end":{"line":31,"column":75}}]},"5":{"type":"branch","line":6,"loc":{"start":{"line":6,"column":30},"end":{"line":6,"column":53}},"locations":[{"start":{"line":6,"column":30},"end":{"line":6,"column":53}}]},"6":{"type":"branch","line":6,"loc":{"start":{"line":6,"column":45},"end":{"line":6,"column":53}},"locations":[{"start":{"line":6,"column":45},"end":{"line":6,"column":53}}]},"7":{"type":"branch","line":10,"loc":{"start":{"line":10,"column":22},"end":{"line":20,"column":4}},"locations":[{"start":{"line":10,"column":22},"end":{"line":20,"column":4}}]},"8":{"type":"branch","line":14,"loc":{"start":{"line":14,"column":68},"end":{"line":19,"column":5}},"locations":[{"start":{"line":14,"column":68},"end":{"line":19,"column":5}}]}},"b":{"0":[8],"1":[3],"2":[5],"3":[1],"4":[7],"5":[8],"6":[0],"7":[3],"8":[1]},"fnMap":{"0":{"name":"ManageSubscriptionButton","decl":{"start":{"line":5,"column":7},"end":{"line":34,"column":1}},"loc":{"start":{"line":5,"column":7},"end":{"line":34,"column":1}},"line":5},"1":{"name":"handleClick","decl":{"start":{"line":10,"column":22},"end":{"line":20,"column":4}},"loc":{"start":{"line":10,"column":22},"end":{"line":20,"column":4}},"line":10}},"f":{"0":8,"1":3}}
,"/Users/ankitkumar/Documents/building-something/syncdoc-ai/frontend/src/features/billing/components/PaymentSuccessBanner.tsx": {"path":"/Users/ankitkumar/Documents/building-something/syncdoc-ai/frontend/src/features/billing/components/PaymentSuccessBanner.tsx","all":false,"statementMap":{"0":{"start":{"line":1,"column":0},"end":{"line":1,"column":62}},"1":{"start":{"line":2,"column":0},"end":{"line":2,"column":0}},"2":{"start":{"line":3,"column":0},"end":{"line":3,"column":3}},"3":{"start":{"line":4,"column":0},"end":{"line":4,"column":46}},"4":{"start":{"line":5,"column":0},"end":{"line":5,"column":2}},"5":{"start":{"line":6,"column":0},"end":{"line":6,"column":79}},"6":{"start":{"line":7,"column":0},"end":{"line":7,"column":76}},"7":{"start":{"line":8,"column":0},"end":{"line":8,"column":82}},"8":{"start":{"line":9,"column":0},"end":{"line":9,"column":2}},"9":{"start":{"line":10,"column":0},"end":{"line":10,"column":17}},"10":{"start":{"line":11,"column":0},"end":{"line":11,"column":72}},"11":{"start":{"line":12,"column":0},"end":{"line":12,"column":58}},"12":{"start":{"line":13,"column":0},"end":{"line":13,"column":3}},"13":{"start":{"line":14,"column":0},"end":{"line":14,"column":40}},"14":{"start":{"line":15,"column":0},"end":{"line":15,"column":33}},"15":{"start":{"line":16,"column":0},"end":{"line":16,"column":0}},"16":{"start":{"line":17,"column":0},"end":{"line":17,"column":10}},"17":{"start":{"line":18,"column":0},"end":{"line":18,"column":8}},"18":{"start":{"line":19,"column":0},"end":{"line":19,"column":19}},"19":{"start":{"line":20,"column":0},"end":{"line":20,"column":24}},"20":{"start":{"line":21,"column":0},"end":{"line":21,"column":113}},"21":{"start":{"line":22,"column":0},"end":{"line":22,"column":5}},"22":{"start":{"line":23,"column":0},"end":{"line":23,"column":28}},"23":{"start":{"line":24,"column":0},"end":{"line":24,"column":105}},"24":{"start":{"line":25,"column":0},"end":{"line":25,"column":12}},"25":{"start":{"line":26,"column":0},"end":{"line":26,"column":44}},"26":{"start":{"line":27,"column":0},"end":{"line":27,"column":21}},"27":{"start":{"line":28,"column":0},"end":{"line":28,"column":29}},"28":{"start":{"line":29,"column":0},"end":{"line":29,"column":31}},"29":{"start":{"line":30,"column":0},"end":{"line":30,"column":28}},"30":{"start":{"line":31,"column":0},"end":{"line":31,"column":9}},"31":{"start":{"line":32,"column":0},"end":{"line":32,"column":15}},"32":{"start":{"line":33,"column":0},"end":{"line":33,"column":33}},"33":{"start":{"line":34,"column":0},"end":{"line":34,"column":34}},"34":{"start":{"line":35,"column":0},"end":{"line":35,"column":27}},"35":{"start":{"line":36,"column":0},"end":{"line":36,"column":30}},"36":{"start":{"line":37,"column":0},"end":{"line":37,"column":12}},"37":{"start":{"line":38,"column":0},"end":{"line":38,"column":14}},"38":{"start":{"line":39,"column":0},"end":{"line":39,"column":12}},"39":{"start":{"line":40,"column":0},"end":{"line":40,"column":0}},"40":{"start":{"line":41,"column":0},"end":{"line":41,"column":59}},"41":{"start":{"line":42,"column":0},"end":{"line":42,"column":42}},"42":{"start":{"line":43,"column":0},"end":{"line":43,"column":11}},"43":{"start":{"line":44,"column":0},"end":{"line":44,"column":0}},"44":{"start":{"line":45,"column":0},"end":{"line":45,"column":86}},"45":{"start":{"line":46,"column":0},"end":{"line":46,"column":0}},"46":{"start":{"line":47,"column":0},"end":{"line":47,"column":8}},"47":{"start":{"line":48,"column":0},"end":{"line":48,"column":16}},"48":{"start":{"line":49,"column":0},"end":{"line":49,"column":121}},"49":{"start":{"line":50,"column":0},"end":{"line":50,"column":7}},"50":{"start":{"line":51,"column":0},"end":{"line":51,"column":23}},"51":{"start":{"line":52,"column":0},"end":{"line":52,"column":10}},"52":{"start":{"line":53,"column":0},"end":{"line":53,"column":10}},"53":{"start":{"line":54,"column":0},"end":{"line":54,"column":4}},"54":{"start":{"line":55,"column":0},"end":{"line":55,"column":1}}},"s":{"0":1,"1":1,"2":1,"3":1,"4":1,"5":1,"6":1,"7":1,"8":1,"9":1,"10":1,"11":1,"12":1,"13":1,"14":3,"15":3,"16":3,"17":3,"18":3,"19":3,"20":3,"21":3,"22":3,"23":3,"24":3,"25":3,"26":3,"27":3,"28":3,"29":3,"30":3,"31":3,"32":3,"33":3,"34":3,"35":3,"36":3,"37":3,"38":3,"39":3,"40":3,"41":3,"42":3,"43":3,"44":3,"45":3,"46":3,"47":3,"48":3,"49":3,"50":3,"51":3,"52":3,"53":3,"54":3},"branchMap":{"0":{"type":"branch","line":14,"loc":{"start":{"line":14,"column":7},"end":{"line":55,"column":1}},"locations":[{"start":{"line":14,"column":7},"end":{"line":55,"column":1}}]}},"b":{"0":[3]},"fnMap":{"0":{"name":"PaymentSuccessBanner","decl":{"start":{"line":14,"column":7},"end":{"line":55,"column":1}},"loc":{"start":{"line":14,"column":7},"end":{"line":55,"column":1}},"line":14}},"f":{"0":3}}
,"/Users/ankitkumar/Documents/building-something/syncdoc-ai/frontend/src/features/billing/components/PricingTable.tsx": {"path":"/Users/ankitkumar/Documents/building-something/syncdoc-ai/frontend/src/features/billing/components/PricingTable.tsx","all":false,"statementMap":{"0":{"start":{"line":1,"column":0},"end":{"line":1,"column":29}},"1":{"start":{"line":2,"column":0},"end":{"line":2,"column":24}},"2":{"start":{"line":3,"column":0},"end":{"line":3,"column":23}},"3":{"start":{"line":4,"column":0},"end":{"line":4,"column":28}},"4":{"start":{"line":5,"column":0},"end":{"line":5,"column":1}},"5":{"start":{"line":6,"column":0},"end":{"line":6,"column":0}},"6":{"start":{"line":7,"column":0},"end":{"line":7,"column":18}},"7":{"start":{"line":8,"column":0},"end":{"line":8,"column":62}},"8":{"start":{"line":9,"column":0},"end":{"line":9,"column":65}},"9":{"start":{"line":10,"column":0},"end":{"line":10,"column":68}},"10":{"start":{"line":11,"column":0},"end":{"line":11,"column":55}},"11":{"start":{"line":12,"column":0},"end":{"line":12,"column":53}},"12":{"start":{"line":13,"column":0},"end":{"line":13,"column":56}},"13":{"start":{"line":14,"column":0},"end":{"line":14,"column":2}},"14":{"start":{"line":15,"column":0},"end":{"line":15,"column":0}},"15":{"start":{"line":16,"column":0},"end":{"line":16,"column":81}},"16":{"start":{"line":17,"column":0},"end":{"line":17,"column":81}},"17":{"start":{"line":18,"column":0},"end":{"line":18,"column":0}},"18":{"start":{"line":19,"column":0},"end":{"line":19,"column":55}},"19":{"start":{"line":20,"column":0},"end":{"line":20,"column":96}},"20":{"start":{"line":21,"column":0},"end":{"line":21,"column":39}},"21":{"start":{"line":22,"column":0},"end":{"line":22,"column":1}},"22":{"start":{"line":23,"column":0},"end":{"line":23,"column":0}},"23":{"start":{"line":24,"column":0},"end":{"line":24,"column":92}},"24":{"start":{"line":25,"column":0},"end":{"line":25,"column":10}},"25":{"start":{"line":26,"column":0},"end":{"line":26,"column":37}},"26":{"start":{"line":27,"column":0},"end":{"line":27,"column":66}},"27":{"start":{"line":28,"column":0},"end":{"line":28,"column":15}},"28":{"start":{"line":29,"column":0},"end":{"line":29,"column":52}},"29":{"start":{"line":30,"column":0},"end":{"line":30,"column":79}},"30":{"start":{"line":31,"column":0},"end":{"line":31,"column":88}},"31":{"start":{"line":32,"column":0},"end":{"line":32,"column":88}},"32":{"start":{"line":33,"column":0},"end":{"line":33,"column":15}},"33":{"start":{"line":34,"column":0},"end":{"line":34,"column":16}},"34":{"start":{"line":35,"column":0},"end":{"line":35,"column":15}},"35":{"start":{"line":36,"column":0},"end":{"line":36,"column":32}},"36":{"start":{"line":37,"column":0},"end":{"line":37,"column":68}},"37":{"start":{"line":38,"column":0},"end":{"line":38,"column":69}},"38":{"start":{"line":39,"column":0},"end":{"line":39,"column":52}},"39":{"start":{"line":40,"column":0},"end":{"line":40,"column":39}},"40":{"start":{"line":41,"column":0},"end":{"line":41,"column":19}},"41":{"start":{"line":42,"column":0},"end":{"line":42,"column":52}},"42":{"start":{"line":43,"column":0},"end":{"line":43,"column":38}},"43":{"start":{"line":44,"column":0},"end":{"line":44,"column":19}},"44":{"start":{"line":45,"column":0},"end":{"line":45,"column":17}},"45":{"start":{"line":46,"column":0},"end":{"line":46,"column":13}},"46":{"start":{"line":47,"column":0},"end":{"line":47,"column":14}},"47":{"start":{"line":48,"column":0},"end":{"line":48,"column":40}},"48":{"start":{"line":49,"column":0},"end":{"line":49,"column":50}},"49":{"start":{"line":50,"column":0},"end":{"line":50,"column":21}},"50":{"start":{"line":51,"column":0},"end":{"line":51,"column":34}},"51":{"start":{"line":52,"column":0},"end":{"line":52,"column":122}},"52":{"start":{"line":53,"column":0},"end":{"line":53,"column":15}},"53":{"start":{"line":54,"column":0},"end":{"line":54,"column":22}},"54":{"start":{"line":55,"column":0},"end":{"line":55,"column":23}},"55":{"start":{"line":56,"column":0},"end":{"line":56,"column":17}},"56":{"start":{"line":57,"column":0},"end":{"line":57,"column":50}},"57":{"start":{"line":58,"column":0},"end":{"line":58,"column":21}},"58":{"start":{"line":59,"column":0},"end":{"line":59,"column":35}},"59":{"start":{"line":60,"column":0},"end":{"line":60,"column":43}},"60":{"start":{"line":61,"column":0},"end":{"line":61,"column":43}},"61":{"start":{"line":62,"column":0},"end":{"line":62,"column":137}},"62":{"start":{"line":63,"column":0},"end":{"line":63,"column":15}},"63":{"start":{"line":64,"column":0},"end":{"line":64,"column":70}},"64":{"start":{"line":65,"column":0},"end":{"line":65,"column":23}},"65":{"start":{"line":66,"column":0},"end":{"line":66,"column":17}},"66":{"start":{"line":67,"column":0},"end":{"line":67,"column":15}},"67":{"start":{"line":68,"column":0},"end":{"line":68,"column":16}},"68":{"start":{"line":69,"column":0},"end":{"line":69,"column":14}},"69":{"start":{"line":70,"column":0},"end":{"line":70,"column":10}},"70":{"start":{"line":71,"column":0},"end":{"line":71,"column":4}},"71":{"start":{"line":72,"column":0},"end":{"line":72,"column":1}}},"s":{"0":1,"1":1,"2":1,"3":1,"4":1,"5":1,"6":1,"7":1,"8":1,"9":1,"10":1,"11":1,"12":1,"13":1,"14":1,"15":1,"16":1,"17":1,"18":48,"19":48,"20":48,"21":48,"22":1,"23":1,"24":4,"25":4,"26":4,"27":4,"28":4,"29":4,"30":4,"31":4,"32":4,"33":4,"34":4,"35":4,"36":24,"37":24,"38":24,"39":24,"40":24,"41":24,"42":24,"43":24,"44":24,"45":4,"46":4,"47":4,"48":4,"49":4,"50":4,"51":4,"52":4,"53":4,"54":4,"55":4,"56":4,"57":4,"58":4,"59":4,"60":4,"61":4,"62":4,"63":4,"64":4,"65":4,"66":4,"67":4,"68":4,"69":4,"70":4,"71":4},"branchMap":{"0":{"type":"branch","line":16,"loc":{"start":{"line":16,"column":14},"end":{"line":16,"column":81}},"locations":[{"start":{"line":16,"column":14},"end":{"line":16,"column":81}}]},"1":{"type":"branch","line":17,"loc":{"start":{"line":17,"column":14},"end":{"line":17,"column":81}},"locations":[{"start":{"line":17,"column":14},"end":{"line":17,"column":81}}]},"2":{"type":"branch","line":19,"loc":{"start":{"line":19,"column":0},"end":{"line":22,"column":1}},"locations":[{"start":{"line":19,"column":0},"end":{"line":22,"column":1}}]},"3":{"type":"branch","line":20,"loc":{"start":{"line":20,"column":33},"end":{"line":20,"column":96}},"locations":[{"start":{"line":20,"column":33},"end":{"line":20,"column":96}}]},"4":{"type":"branch","line":20,"loc":{"start":{"line":20,"column":88},"end":{"line":21,"column":17}},"locations":[{"start":{"line":20,"column":88},"end":{"line":21,"column":17}}]},"5":{"type":"branch","line":21,"loc":{"start":{"line":21,"column":9},"end":{"line":21,"column":29}},"locations":[{"start":{"line":21,"column":9},"end":{"line":21,"column":29}}]},"6":{"type":"branch","line":21,"loc":{"start":{"line":21,"column":24},"end":{"line":21,"column":39}},"locations":[{"start":{"line":21,"column":24},"end":{"line":21,"column":39}}]},"7":{"type":"branch","line":24,"loc":{"start":{"line":24,"column":7},"end":{"line":72,"column":1}},"locations":[{"start":{"line":24,"column":7},"end":{"line":72,"column":1}}]},"8":{"type":"branch","line":64,"loc":{"start":{"line":64,"column":17},"end":{"line":64,"column":53}},"locations":[{"start":{"line":64,"column":17},"end":{"line":64,"column":53}}]},"9":{"type":"branch","line":64,"loc":{"start":{"line":64,"column":36},"end":{"line":64,"column":70}},"locations":[{"start":{"line":64,"column":36},"end":{"line":64,"column":70}}]},"10":{"type":"branch","line":36,"loc":{"start":{"line":36,"column":24},"end":{"line":45,"column":17}},"locations":[{"start":{"line":36,"column":24},"end":{"line":45,"column":17}}]}},"b":{"0":[24],"1":[16],"2":[48],"3":[8],"4":[40],"5":[24],"6":[16],"7":[4],"8":[1],"9":[3],"10":[24]},"fnMap":{"0":{"name":"Check","decl":{"start":{"line":16,"column":14},"end":{"line":16,"column":81}},"loc":{"start":{"line":16,"column":14},"end":{"line":16,"column":81}},"line":16},"1":{"name":"Cross","decl":{"start":{"line":17,"column":14},"end":{"line":17,"column":81}},"loc":{"start":{"line":17,"column":14},"end":{"line":17,"column":81}},"line":17},"2":{"name":"Cell","decl":{"start":{"line":19,"column":0},"end":{"line":22,"column":1}},"loc":{"start":{"line":19,"column":0},"end":{"line":22,"column":1}},"line":19},"3":{"name":"PricingTable","decl":{"start":{"line":24,"column":7},"end":{"line":72,"column":1}},"loc":{"start":{"line":24,"column":7},"end":{"line":72,"column":1}},"line":24}},"f":{"0":24,"1":16,"2":48,"3":4}}
,"/Users/ankitkumar/Documents/building-something/syncdoc-ai/frontend/src/features/billing/components/SuccessPage.tsx": {"path":"/Users/ankitkumar/Documents/building-something/syncdoc-ai/frontend/src/features/billing/components/SuccessPage.tsx","all":false,"statementMap":{"0":{"start":{"line":1,"column":0},"end":{"line":1,"column":57}},"1":{"start":{"line":2,"column":0},"end":{"line":2,"column":0}},"2":{"start":{"line":3,"column":0},"end":{"line":3,"column":31}},"3":{"start":{"line":4,"column":0},"end":{"line":4,"column":43}},"4":{"start":{"line":5,"column":0},"end":{"line":5,"column":54}},"5":{"start":{"line":6,"column":0},"end":{"line":6,"column":38}},"6":{"start":{"line":7,"column":0},"end":{"line":7,"column":0}},"7":{"start":{"line":8,"column":0},"end":{"line":8,"column":10}},"8":{"start":{"line":9,"column":0},"end":{"line":9,"column":105}},"9":{"start":{"line":10,"column":0},"end":{"line":10,"column":91}},"10":{"start":{"line":11,"column":0},"end":{"line":11,"column":66}},"11":{"start":{"line":12,"column":0},"end":{"line":12,"column":86}},"12":{"start":{"line":13,"column":0},"end":{"line":13,"column":43}},"13":{"start":{"line":14,"column":0},"end":{"line":14,"column":61}},"14":{"start":{"line":15,"column":0},"end":{"line":15,"column":12}},"15":{"start":{"line":16,"column":0},"end":{"line":16,"column":13}},"16":{"start":{"line":17,"column":0},"end":{"line":17,"column":16}},"17":{"start":{"line":18,"column":0},"end":{"line":18,"column":122}},"18":{"start":{"line":19,"column":0},"end":{"line":19,"column":9}},"19":{"start":{"line":20,"column":0},"end":{"line":20,"column":29}},"20":{"start":{"line":21,"column":0},"end":{"line":21,"column":15}},"21":{"start":{"line":22,"column":0},"end":{"line":22,"column":12}},"22":{"start":{"line":23,"column":0},"end":{"line":23,"column":10}},"23":{"start":{"line":24,"column":0},"end":{"line":24,"column":4}},"24":{"start":{"line":25,"column":0},"end":{"line":25,"column":1}}},"s":{"0":1,"1":1,"2":1,"3":3,"4":3,"5":3,"6":3,"7":3,"8":3,"9":3,"10":3,"11":3,"12":3,"13":3,"14":3,"15":3,"16":3,"17":3,"18":3,"19":3,"20":3,"21":3,"22":3,"23":3,"24":3},"branchMap":{"0":{"type":"branch","line":3,"loc":{"start":{"line":3,"column":7},"end":{"line":25,"column":1}},"locations":[{"start":{"line":3,"column":7},"end":{"line":25,"column":1}}]}},"b":{"0":[3]},"fnMap":{"0":{"name":"SuccessPage","decl":{"start":{"line":3,"column":7},"end":{"line":25,"column":1}},"loc":{"start":{"line":3,"column":7},"end":{"line":25,"column":1}},"line":3}},"f":{"0":3}}
,"/Users/ankitkumar/Documents/building-something/syncdoc-ai/frontend/src/features/billing/components/UpgradeButton.tsx": {"path":"/Users/ankitkumar/Documents/building-something/syncdoc-ai/frontend/src/features/billing/components/UpgradeButton.tsx","all":false,"statementMap":{"0":{"start":{"line":1,"column":0},"end":{"line":1,"column":57}},"1":{"start":{"line":2,"column":0},"end":{"line":2,"column":0}},"2":{"start":{"line":3,"column":0},"end":{"line":3,"column":33}},"3":{"start":{"line":4,"column":0},"end":{"line":4,"column":59}},"4":{"start":{"line":5,"column":0},"end":{"line":5,"column":0}},"5":{"start":{"line":6,"column":0},"end":{"line":6,"column":10}},"6":{"start":{"line":7,"column":0},"end":{"line":7,"column":9}},"7":{"start":{"line":8,"column":0},"end":{"line":8,"column":13}},"8":{"start":{"line":9,"column":0},"end":{"line":9,"column":30}},"9":{"start":{"line":10,"column":0},"end":{"line":10,"column":43}},"10":{"start":{"line":11,"column":0},"end":{"line":11,"column":127}},"11":{"start":{"line":12,"column":0},"end":{"line":12,"column":7}},"12":{"start":{"line":13,"column":0},"end":{"line":13,"column":82}},"13":{"start":{"line":14,"column":0},"end":{"line":14,"column":15}},"14":{"start":{"line":15,"column":0},"end":{"line":15,"column":38}},"15":{"start":{"line":16,"column":0},"end":{"line":16,"column":60}},"16":{"start":{"line":17,"column":0},"end":{"line":17,"column":15}},"17":{"start":{"line":18,"column":0},"end":{"line":18,"column":10}},"18":{"start":{"line":19,"column":0},"end":{"line":19,"column":4}},"19":{"start":{"line":20,"column":0},"end":{"line":20,"column":1}}},"s":{"0":1,"1":1,"2":1,"3":4,"4":4,"5":4,"6":4,"7":4,"8":4,"9":4,"10":4,"11":4,"12":4,"13":4,"14":4,"15":1,"16":3,"17":4,"18":4,"19":4},"branchMap":{"0":{"type":"branch","line":3,"loc":{"start":{"line":3,"column":7},"end":{"line":20,"column":1}},"locations":[{"start":{"line":3,"column":7},"end":{"line":20,"column":1}}]},"1":{"type":"branch","line":13,"loc":{"start":{"line":13,"column":20},"end":{"line":13,"column":65}},"locations":[{"start":{"line":13,"column":20},"end":{"line":13,"column":65}}]},"2":{"type":"branch","line":13,"loc":{"start":{"line":13,"column":36},"end":{"line":13,"column":82}},"locations":[{"start":{"line":13,"column":36},"end":{"line":13,"column":82}}]},"3":{"type":"branch","line":15,"loc":{"start":{"line":15,"column":18},"end":{"line":15,"column":38}},"locations":[{"start":{"line":15,"column":18},"end":{"line":15,"column":38}}]},"4":{"type":"branch","line":15,"loc":{"start":{"line":15,"column":29},"end":{"line":16,"column":60}},"locations":[{"start":{"line":15,"column":29},"end":{"line":16,"column":60}}]},"5":{"type":"branch","line":16,"loc":{"start":{"line":16,"column":56},"end":{"line":17,"column":15}},"locations":[{"start":{"line":16,"column":56},"end":{"line":17,"column":15}}]}},"b":{"0":[4],"1":[1],"2":[3],"3":[1],"4":[1],"5":[3]},"fnMap":{"0":{"name":"UpgradeButton","decl":{"start":{"line":3,"column":7},"end":{"line":20,"column":1}},"loc":{"start":{"line":3,"column":7},"end":{"line":20,"column":1}},"line":3}},"f":{"0":4}}
,"/Users/ankitkumar/Documents/building-something/syncdoc-ai/frontend/src/features/billing/hooks/useSubscriptionTier.ts": {"path":"/Users/ankitkumar/Documents/building-something/syncdoc-ai/frontend/src/features/billing/hooks/useSubscriptionTier.ts","all":false,"statementMap":{"0":{"start":{"line":1,"column":0},"end":{"line":1,"column":49}},"1":{"start":{"line":2,"column":0},"end":{"line":2,"column":65}},"2":{"start":{"line":3,"column":0},"end":{"line":3,"column":58}},"3":{"start":{"line":4,"column":0},"end":{"line":4,"column":0}},"4":{"start":{"line":5,"column":0},"end":{"line":5,"column":39}},"5":{"start":{"line":6,"column":0},"end":{"line":6,"column":55}},"6":{"start":{"line":7,"column":0},"end":{"line":7,"column":0}},"7":{"start":{"line":8,"column":0},"end":{"line":8,"column":45}},"8":{"start":{"line":9,"column":0},"end":{"line":9,"column":43}},"9":{"start":{"line":10,"column":0},"end":{"line":10,"column":58}},"10":{"start":{"line":11,"column":0},"end":{"line":11,"column":29}},"11":{"start":{"line":12,"column":0},"end":{"line":12,"column":22}},"12":{"start":{"line":13,"column":0},"end":{"line":13,"column":5}},"13":{"start":{"line":14,"column":0},"end":{"line":14,"column":0}},"14":{"start":{"line":15,"column":0},"end":{"line":15,"column":76}},"15":{"start":{"line":16,"column":0},"end":{"line":16,"column":56}},"16":{"start":{"line":17,"column":0},"end":{"line":17,"column":1}}},"s":{"0":1,"1":1,"2":1,"3":1,"4":1,"5":4,"6":4,"7":4,"8":4,"9":4,"10":4,"11":4,"12":4,"13":4,"14":4,"15":4,"16":4},"branchMap":{"0":{"type":"branch","line":5,"loc":{"start":{"line":5,"column":7},"end":{"line":17,"column":1}},"locations":[{"start":{"line":5,"column":7},"end":{"line":17,"column":1}}]},"1":{"type":"branch","line":16,"loc":{"start":{"line":16,"column":35},"end":{"line":16,"column":49}},"locations":[{"start":{"line":16,"column":35},"end":{"line":16,"column":49}}]},"2":{"type":"branch","line":16,"loc":{"start":{"line":16,"column":41},"end":{"line":16,"column":54}},"locations":[{"start":{"line":16,"column":41},"end":{"line":16,"column":54}}]},"3":{"type":"branch","line":6,"loc":{"start":{"line":6,"column":30},"end":{"line":6,"column":53}},"locations":[{"start":{"line":6,"column":30},"end":{"line":6,"column":53}}]},"4":{"type":"branch","line":6,"loc":{"start":{"line":6,"column":45},"end":{"line":6,"column":53}},"locations":[{"start":{"line":6,"column":45},"end":{"line":6,"column":53}}]},"5":{"type":"branch","line":10,"loc":{"start":{"line":10,"column":13},"end":{"line":10,"column":58}},"locations":[{"start":{"line":10,"column":13},"end":{"line":10,"column":58}}]}},"b":{"0":[4],"1":[1],"2":[3],"3":[4],"4":[0],"5":[3]},"fnMap":{"0":{"name":"useSubscriptionTier","decl":{"start":{"line":5,"column":7},"end":{"line":17,"column":1}},"loc":{"start":{"line":5,"column":7},"end":{"line":17,"column":1}},"line":5},"1":{"name":"queryFn","decl":{"start":{"line":10,"column":13},"end":{"line":10,"column":58}},"loc":{"start":{"line":10,"column":13},"end":{"line":10,"column":58}},"line":10}},"f":{"0":4,"1":3}}
,"/Users/ankitkumar/Documents/building-something/syncdoc-ai/frontend/src/features/billing/hooks/useUpgradeFlow.ts": {"path":"/Users/ankitkumar/Documents/building-something/syncdoc-ai/frontend/src/features/billing/hooks/useUpgradeFlow.ts","all":false,"statementMap":{"0":{"start":{"line":1,"column":0},"end":{"line":1,"column":52}},"1":{"start":{"line":2,"column":0},"end":{"line":2,"column":47}},"2":{"start":{"line":3,"column":0},"end":{"line":3,"column":58}},"3":{"start":{"line":4,"column":0},"end":{"line":4,"column":0}},"4":{"start":{"line":5,"column":0},"end":{"line":5,"column":61}},"5":{"start":{"line":6,"column":0},"end":{"line":6,"column":0}},"6":{"start":{"line":7,"column":0},"end":{"line":7,"column":3}},"7":{"start":{"line":8,"column":0},"end":{"line":8,"column":34}},"8":{"start":{"line":9,"column":0},"end":{"line":9,"column":72}},"9":{"start":{"line":10,"column":0},"end":{"line":10,"column":74}},"10":{"start":{"line":11,"column":0},"end":{"line":11,"column":3}},"11":{"start":{"line":12,"column":0},"end":{"line":12,"column":34}},"12":{"start":{"line":13,"column":0},"end":{"line":13,"column":55}},"13":{"start":{"line":14,"column":0},"end":{"line":14,"column":0}},"14":{"start":{"line":15,"column":0},"end":{"line":15,"column":32}},"15":{"start":{"line":16,"column":0},"end":{"line":16,"column":63}},"16":{"start":{"line":17,"column":0},"end":{"line":17,"column":37}},"17":{"start":{"line":18,"column":0},"end":{"line":18,"column":41}},"18":{"start":{"line":19,"column":0},"end":{"line":19,"column":6}},"19":{"start":{"line":20,"column":0},"end":{"line":20,"column":5}},"20":{"start":{"line":21,"column":0},"end":{"line":21,"column":0}},"21":{"start":{"line":22,"column":0},"end":{"line":22,"column":47}},"22":{"start":{"line":23,"column":0},"end":{"line":23,"column":0}},"23":{"start":{"line":24,"column":0},"end":{"line":24,"column":50}},"24":{"start":{"line":25,"column":0},"end":{"line":25,"column":19}},"25":{"start":{"line":26,"column":0},"end":{"line":26,"column":22}},"26":{"start":{"line":27,"column":0},"end":{"line":27,"column":15}},"27":{"start":{"line":28,"column":0},"end":{"line":28,"column":15}},"28":{"start":{"line":29,"column":0},"end":{"line":29,"column":0}},"29":{"start":{"line":30,"column":0},"end":{"line":30,"column":80}},"30":{"start":{"line":31,"column":0},"end":{"line":31,"column":0}},"31":{"start":{"line":32,"column":0},"end":{"line":32,"column":54}},"32":{"start":{"line":33,"column":0},"end":{"line":33,"column":1}}},"s":{"0":1,"1":1,"2":1,"3":1,"4":1,"5":1,"6":1,"7":1,"8":1,"9":1,"10":1,"11":1,"12":6,"13":6,"14":6,"15":6,"16":6,"17":1,"18":1,"19":6,"20":6,"21":6,"22":6,"23":6,"24":1,"25":5,"26":1,"27":4,"28":6,"29":6,"30":6,"31":6,"32":6},"branchMap":{"0":{"type":"branch","line":12,"loc":{"start":{"line":12,"column":7},"end":{"line":33,"column":1}},"locations":[{"start":{"line":12,"column":7},"end":{"line":33,"column":1}}]},"1":{"type":"branch","line":24,"loc":{"start":{"line":24,"column":41},"end":{"line":25,"column":19}},"locations":[{"start":{"line":24,"column":41},"end":{"line":25,"column":19}}]},"2":{"type":"branch","line":25,"loc":{"start":{"line":25,"column":6},"end":{"line":28,"column":15}},"locations":[{"start":{"line":25,"column":6},"end":{"line":28,"column":15}}]},"3":{"type":"branch","line":26,"loc":{"start":{"line":26,"column":15},"end":{"line":27,"column":15}},"locations":[{"start":{"line":26,"column":15},"end":{"line":27,"column":15}}]},"4":{"type":"branch","line":27,"loc":{"start":{"line":27,"column":8},"end":{"line":28,"column":15}},"locations":[{"start":{"line":27,"column":8},"end":{"line":28,"column":15}}]},"5":{"type":"branch","line":30,"loc":{"start":{"line":30,"column":42},"end":{"line":30,"column":75}},"locations":[{"start":{"line":30,"column":42},"end":{"line":30,"column":75}}]},"6":{"type":"branch","line":30,"loc":{"start":{"line":30,"column":65},"end":{"line":30,"column":80}},"locations":[{"start":{"line":30,"column":65},"end":{"line":30,"column":80}}]},"7":{"type":"branch","line":13,"loc":{"start":{"line":13,"column":30},"end":{"line":13,"column":53}},"locations":[{"start":{"line":13,"column":30},"end":{"line":13,"column":53}}]},"8":{"type":"branch","line":13,"loc":{"start":{"line":13,"column":45},"end":{"line":13,"column":53}},"locations":[{"start":{"line":13,"column":45},"end":{"line":13,"column":53}}]},"9":{"type":"branch","line":16,"loc":{"start":{"line":16,"column":16},"end":{"line":16,"column":63}},"locations":[{"start":{"line":16,"column":16},"end":{"line":16,"column":63}}]},"10":{"type":"branch","line":17,"loc":{"start":{"line":17,"column":15},"end":{"line":19,"column":6}},"locations":[{"start":{"line":17,"column":15},"end":{"line":19,"column":6}}]}},"b":{"0":[6],"1":[1],"2":[5],"3":[1],"4":[4],"5":[1],"6":[5],"7":[6],"8":[0],"9":[3],"10":[1]},"fnMap":{"0":{"name":"useUpgradeFlow","decl":{"start":{"line":12,"column":7},"end":{"line":33,"column":1}},"loc":{"start":{"line":12,"column":7},"end":{"line":33,"column":1}},"line":12},"1":{"name":"mutationFn","decl":{"start":{"line":16,"column":16},"end":{"line":16,"column":63}},"loc":{"start":{"line":16,"column":16},"end":{"line":16,"column":63}},"line":16},"2":{"name":"onSuccess","decl":{"start":{"line":17,"column":15},"end":{"line":19,"column":6}},"loc":{"start":{"line":17,"column":15},"end":{"line":19,"column":6}},"line":17},"3":{"name":"startUpgrade","decl":{"start":{"line":22,"column":23},"end":{"line":22,"column":47}},"loc":{"start":{"line":22,"column":23},"end":{"line":22,"column":47}},"line":22}},"f":{"0":6,"1":3,"2":1,"3":0}}
,"/Users/ankitkumar/Documents/building-something/syncdoc-ai/frontend/src/features/messaging/hooks/useThreads.ts": {"path":"/Users/ankitkumar/Documents/building-something/syncdoc-ai/frontend/src/features/messaging/hooks/useThreads.ts","all":false,"statementMap":{"0":{"start":{"line":1,"column":0},"end":{"line":1,"column":78}},"1":{"start":{"line":2,"column":0},"end":{"line":2,"column":60}},"2":{"start":{"line":3,"column":0},"end":{"line":3,"column":0}},"3":{"start":{"line":4,"column":0},"end":{"line":4,"column":68}},"4":{"start":{"line":5,"column":0},"end":{"line":5,"column":39}},"5":{"start":{"line":6,"column":0},"end":{"line":6,"column":0}},"6":{"start":{"line":7,"column":0},"end":{"line":7,"column":44}},"7":{"start":{"line":8,"column":0},"end":{"line":8,"column":50}},"8":{"start":{"line":9,"column":0},"end":{"line":9,"column":65}},"9":{"start":{"line":10,"column":0},"end":{"line":10,"column":47}},"10":{"start":{"line":11,"column":0},"end":{"line":11,"column":5}},"11":{"start":{"line":12,"column":0},"end":{"line":12,"column":0}},"12":{"start":{"line":13,"column":0},"end":{"line":13,"column":36}},"13":{"start":{"line":14,"column":0},"end":{"line":14,"column":36}},"14":{"start":{"line":15,"column":0},"end":{"line":15,"column":62}},"15":{"start":{"line":16,"column":0},"end":{"line":16,"column":22}},"16":{"start":{"line":17,"column":0},"end":{"line":17,"column":92}},"17":{"start":{"line":18,"column":0},"end":{"line":18,"column":6}},"18":{"start":{"line":19,"column":0},"end":{"line":19,"column":5}},"19":{"start":{"line":20,"column":0},"end":{"line":20,"column":0}},"20":{"start":{"line":21,"column":0},"end":{"line":21,"column":37}},"21":{"start":{"line":22,"column":0},"end":{"line":22,"column":1}}},"s":{"0":1,"1":1,"2":1,"3":1,"4":3,"5":3,"6":3,"7":3,"8":3,"9":3,"10":3,"11":3,"12":3,"13":3,"14":0,"15":3,"16":0,"17":0,"18":3,"19":3,"20":3,"21":3},"branchMap":{"0":{"type":"branch","line":4,"loc":{"start":{"line":4,"column":7},"end":{"line":22,"column":1}},"locations":[{"start":{"line":4,"column":7},"end":{"line":22,"column":1}}]},"1":{"type":"branch","line":9,"loc":{"start":{"line":9,"column":13},"end":{"line":9,"column":65}},"locations":[{"start":{"line":9,"column":13},"end":{"line":9,"column":65}}]}},"b":{"0":[3],"1":[2]},"fnMap":{"0":{"name":"useThreads","decl":{"start":{"line":4,"column":7},"end":{"line":22,"column":1}},"loc":{"start":{"line":4,"column":7},"end":{"line":22,"column":1}},"line":4},"1":{"name":"queryFn","decl":{"start":{"line":9,"column":13},"end":{"line":9,"column":65}},"loc":{"start":{"line":9,"column":13},"end":{"line":9,"column":65}},"line":9},"2":{"name":"mutationFn","decl":{"start":{"line":14,"column":16},"end":{"line":15,"column":62}},"loc":{"start":{"line":14,"column":16},"end":{"line":15,"column":62}},"line":14},"3":{"name":"onSuccess","decl":{"start":{"line":16,"column":15},"end":{"line":18,"column":6}},"loc":{"start":{"line":16,"column":15},"end":{"line":18,"column":6}},"line":16}},"f":{"0":3,"1":2,"2":0,"3":0}}
,"/Users/ankitkumar/Documents/building-something/syncdoc-ai/frontend/src/features/presence/hooks/usePresence.ts": {"path":"/Users/ankitkumar/Documents/building-something/syncdoc-ai/frontend/src/features/presence/hooks/usePresence.ts","all":false,"statementMap":{"0":{"start":{"line":1,"column":0},"end":{"line":1,"column":47}},"1":{"start":{"line":2,"column":0},"end":{"line":2,"column":49}},"2":{"start":{"line":3,"column":0},"end":{"line":3,"column":65}},"3":{"start":{"line":4,"column":0},"end":{"line":4,"column":61}},"4":{"start":{"line":5,"column":0},"end":{"line":5,"column":0}},"5":{"start":{"line":6,"column":0},"end":{"line":6,"column":73}},"6":{"start":{"line":7,"column":0},"end":{"line":7,"column":45}},"7":{"start":{"line":8,"column":0},"end":{"line":8,"column":40}},"8":{"start":{"line":9,"column":0},"end":{"line":9,"column":49}},"9":{"start":{"line":10,"column":0},"end":{"line":10,"column":51}},"10":{"start":{"line":11,"column":0},"end":{"line":11,"column":22}},"11":{"start":{"line":12,"column":0},"end":{"line":12,"column":5}},"12":{"start":{"line":13,"column":0},"end":{"line":13,"column":0}},"13":{"start":{"line":14,"column":0},"end":{"line":14,"column":32}},"14":{"start":{"line":15,"column":0},"end":{"line":15,"column":39}},"15":{"start":{"line":16,"column":0},"end":{"line":16,"column":70}},"16":{"start":{"line":17,"column":0},"end":{"line":17,"column":29}},"17":{"start":{"line":18,"column":0},"end":{"line":18,"column":6}},"18":{"start":{"line":19,"column":0},"end":{"line":19,"column":41}},"19":{"start":{"line":20,"column":0},"end":{"line":20,"column":4}},"20":{"start":{"line":21,"column":0},"end":{"line":21,"column":0}},"21":{"start":{"line":22,"column":0},"end":{"line":22,"column":67}},"22":{"start":{"line":23,"column":0},"end":{"line":23,"column":19}},"23":{"start":{"line":24,"column":0},"end":{"line":24,"column":47}},"24":{"start":{"line":25,"column":0},"end":{"line":25,"column":0}},"25":{"start":{"line":26,"column":0},"end":{"line":26,"column":41}},"26":{"start":{"line":27,"column":0},"end":{"line":27,"column":61}},"27":{"start":{"line":28,"column":0},"end":{"line":28,"column":15}},"28":{"start":{"line":29,"column":0},"end":{"line":29,"column":0}},"29":{"start":{"line":30,"column":0},"end":{"line":30,"column":42}},"30":{"start":{"line":31,"column":0},"end":{"line":31,"column":35}},"31":{"start":{"line":32,"column":0},"end":{"line":32,"column":0}},"32":{"start":{"line":33,"column":0},"end":{"line":33,"column":34}},"33":{"start":{"line":34,"column":0},"end":{"line":34,"column":1}}},"s":{"0":1,"1":1,"2":1,"3":1,"4":1,"5":1,"6":3,"7":3,"8":3,"9":3,"10":3,"11":3,"12":3,"13":3,"14":3,"15":0,"16":0,"17":0,"18":3,"19":3,"20":3,"21":3,"22":3,"23":2,"24":2,"25":2,"26":0,"27":2,"28":2,"29":2,"30":3,"31":3,"32":3,"33":3},"branchMap":{"0":{"type":"branch","line":6,"loc":{"start":{"line":6,"column":7},"end":{"line":34,"column":1}},"locations":[{"start":{"line":6,"column":7},"end":{"line":34,"column":1}}]},"1":{"type":"branch","line":9,"loc":{"start":{"line":9,"column":13},"end":{"line":9,"column":49}},"locations":[{"start":{"line":9,"column":13},"end":{"line":9,"column":49}}]},"2":{"type":"branch","line":23,"loc":{"start":{"line":23,"column":12},"end":{"line":31,"column":5}},"locations":[{"start":{"line":23,"column":12},"end":{"line":31,"column":5}}]},"3":{"type":"branch","line":24,"loc":{"start":{"line":24,"column":40},"end":{"line":24,"column":47}},"locations":[{"start":{"line":24,"column":40},"end":{"line":24,"column":47}}]},"4":{"type":"branch","line":30,"loc":{"start":{"line":30,"column":11},"end":{"line":30,"column":42}},"locations":[{"start":{"line":30,"column":11},"end":{"line":30,"column":42}}]}},"b":{"0":[3],"1":[2],"2":[2],"3":[0],"4":[2]},"fnMap":{"0":{"name":"usePresence","decl":{"start":{"line":6,"column":7},"end":{"line":34,"column":1}},"loc":{"start":{"line":6,"column":7},"end":{"line":34,"column":1}},"line":6},"1":{"name":"queryFn","decl":{"start":{"line":9,"column":13},"end":{"line":9,"column":49}},"loc":{"start":{"line":9,"column":13},"end":{"line":9,"column":49}},"line":9}},"f":{"0":3,"1":2}}
,"/Users/ankitkumar/Documents/building-something/syncdoc-ai/frontend/src/features/search/hooks/useSearch.ts": {"path":"/Users/ankitkumar/Documents/building-something/syncdoc-ai/frontend/src/features/search/hooks/useSearch.ts","all":false,"statementMap":{"0":{"start":{"line":1,"column":0},"end":{"line":1,"column":36}},"1":{"start":{"line":2,"column":0},"end":{"line":2,"column":49}},"2":{"start":{"line":3,"column":0},"end":{"line":3,"column":59}},"3":{"start":{"line":4,"column":0},"end":{"line":4,"column":57}},"4":{"start":{"line":5,"column":0},"end":{"line":5,"column":0}},"5":{"start":{"line":6,"column":0},"end":{"line":6,"column":82}},"6":{"start":{"line":7,"column":0},"end":{"line":7,"column":49}},"7":{"start":{"line":8,"column":0},"end":{"line":8,"column":0}},"8":{"start":{"line":9,"column":0},"end":{"line":9,"column":43}},"9":{"start":{"line":10,"column":0},"end":{"line":10,"column":65}},"10":{"start":{"line":11,"column":0},"end":{"line":11,"column":80}},"11":{"start":{"line":12,"column":0},"end":{"line":12,"column":40}},"12":{"start":{"line":13,"column":0},"end":{"line":13,"column":22}},"13":{"start":{"line":14,"column":0},"end":{"line":14,"column":5}},"14":{"start":{"line":15,"column":0},"end":{"line":15,"column":0}},"15":{"start":{"line":16,"column":0},"end":{"line":16,"column":84}},"16":{"start":{"line":17,"column":0},"end":{"line":17,"column":32}},"17":{"start":{"line":18,"column":0},"end":{"line":18,"column":57}},"18":{"start":{"line":19,"column":0},"end":{"line":19,"column":52}},"19":{"start":{"line":20,"column":0},"end":{"line":20,"column":69}},"20":{"start":{"line":21,"column":0},"end":{"line":21,"column":6}},"21":{"start":{"line":22,"column":0},"end":{"line":22,"column":29}},"22":{"start":{"line":23,"column":0},"end":{"line":23,"column":4}},"23":{"start":{"line":24,"column":0},"end":{"line":24,"column":0}},"24":{"start":{"line":25,"column":0},"end":{"line":25,"column":61}},"25":{"start":{"line":26,"column":0},"end":{"line":26,"column":104}},"26":{"start":{"line":27,"column":0},"end":{"line":27,"column":9}},"27":{"start":{"line":28,"column":0},"end":{"line":28,"column":0}},"28":{"start":{"line":29,"column":0},"end":{"line":29,"column":52}},"29":{"start":{"line":30,"column":0},"end":{"line":30,"column":1}}},"s":{"0":1,"1":1,"2":1,"3":1,"4":1,"5":1,"6":7,"7":7,"8":7,"9":7,"10":7,"11":7,"12":7,"13":7,"14":7,"15":7,"16":7,"17":7,"18":0,"19":0,"20":0,"21":7,"22":7,"23":7,"24":7,"25":0,"26":7,"27":7,"28":7,"29":7},"branchMap":{"0":{"type":"branch","line":6,"loc":{"start":{"line":6,"column":7},"end":{"line":30,"column":1}},"locations":[{"start":{"line":6,"column":7},"end":{"line":30,"column":1}}]},"1":{"type":"branch","line":11,"loc":{"start":{"line":11,"column":13},"end":{"line":11,"column":80}},"locations":[{"start":{"line":11,"column":13},"end":{"line":11,"column":80}}]}},"b":{"0":[7],"1":[2]},"fnMap":{"0":{"name":"useSearch","decl":{"start":{"line":6,"column":7},"end":{"line":30,"column":1}},"loc":{"start":{"line":6,"column":7},"end":{"line":30,"column":1}},"line":6},"1":{"name":"queryFn","decl":{"start":{"line":11,"column":13},"end":{"line":11,"column":80}},"loc":{"start":{"line":11,"column":13},"end":{"line":11,"column":80}},"line":11}},"f":{"0":7,"1":2}}
,"/Users/ankitkumar/Documents/building-something/syncdoc-ai/frontend/src/utils/useDebounce.ts": {"path":"/Users/ankitkumar/Documents/building-something/syncdoc-ai/frontend/src/utils/useDebounce.ts","all":false,"statementMap":{"0":{"start":{"line":1,"column":0},"end":{"line":1,"column":44}},"1":{"start":{"line":2,"column":0},"end":{"line":2,"column":0}},"2":{"start":{"line":3,"column":0},"end":{"line":3,"column":60}},"3":{"start":{"line":4,"column":0},"end":{"line":4,"column":55}},"4":{"start":{"line":5,"column":0},"end":{"line":5,"column":0}},"5":{"start":{"line":6,"column":0},"end":{"line":6,"column":19}},"6":{"start":{"line":7,"column":0},"end":{"line":7,"column":63}},"7":{"start":{"line":8,"column":0},"end":{"line":8,"column":37}},"8":{"start":{"line":9,"column":0},"end":{"line":9,"column":21}},"9":{"start":{"line":10,"column":0},"end":{"line":10,"column":0}},"10":{"start":{"line":11,"column":0},"end":{"line":11,"column":19}},"11":{"start":{"line":12,"column":0},"end":{"line":12,"column":1}}},"s":{"0":1,"1":1,"2":1,"3":7,"4":7,"5":7,"6":6,"7":6,"8":7,"9":7,"10":7,"11":7},"branchMap":{"0":{"type":"branch","line":3,"loc":{"start":{"line":3,"column":7},"end":{"line":12,"column":1}},"locations":[{"start":{"line":3,"column":7},"end":{"line":12,"column":1}}]},"1":{"type":"branch","line":6,"loc":{"start":{"line":6,"column":12},"end":{"line":9,"column":5}},"locations":[{"start":{"line":6,"column":12},"end":{"line":9,"column":5}}]},"2":{"type":"branch","line":7,"loc":{"start":{"line":7,"column":29},"end":{"line":7,"column":56}},"locations":[{"start":{"line":7,"column":29},"end":{"line":7,"column":56}}]},"3":{"type":"branch","line":8,"loc":{"start":{"line":8,"column":11},"end":{"line":8,"column":37}},"locations":[{"start":{"line":8,"column":11},"end":{"line":8,"column":37}}]}},"b":{"0":[7],"1":[6],"2":[3],"3":[6]},"fnMap":{"0":{"name":"useDebounce","decl":{"start":{"line":3,"column":7},"end":{"line":12,"column":1}},"loc":{"start":{"line":3,"column":7},"end":{"line":12,"column":1}},"line":3}},"f":{"0":7}}
}
